0 81 261 540 512 120 608 0
0 148 340 164 633 281 818 337 0
0 531 9 690 867 0
0 545 680 221 129 169 412 864 0
0 101 767 599 161 629 788 472 652 0
0 585 72 684 851 0
0 84 413 316 463 0
0 605 437 83 0
0 710 180 858 10 835 122 1 0
0 314 518 51 59 49 0
0 432 685 124 856 534 381 737 0
0 330 522 773 215 0
0 436 449 452 775 108 0
0 758 496 310 284 898 827 0
0 764 543 468 63 415 365 0
0 125 677 787 477 504 0
0 305 234 442 386 617 105 0
0 372 800 602 419 0
0 401 558 603 743 143 69 0
0 523 321 711 814 0
0 896 527 595 753 712 0
0 456 647 374 356 19 3 715 0
0 430 238 624 637 450 425 8 0
0 734 45 844 519 623 0
0 507 897 186 0
0 598 831 144 654 357 0
0 772 613 796 0
0 801 538 487 0
0 622 250 339 583 112 0
0 319 601 283 537 156 0
0 349 810 360 0
0 594 887 403 0
0 670 756 183 354 732 0
0 751 265 335 676 574 0
0 771 409 341 176 669 0
0 315 282 890 786 242 0
0 866 312 384 70 0
0 252 868 488 0
0 460 55 0
0 467 610 208 0
0 689 696 198 0
0 194 782 113 163 765 894 0
0 266 346 907 549 0
0 98 367 738 338 0
0 429 134 42 0
0 581 20 57 225 0
0 797 740 114 52 239 0
0 21 434 390 0
0 193 227 185 0
0 426 902 822 0
0 348 126 703 291 0
0 563 35 278 408 0
0 591 271 416 0
0 722 17 791 36 253 0
0 850 649 589 0
0 861 486 853 0
0 26 322 65 0
0 153 849 16 263 0
0 157 555 329 245 723 0
0 406 219 517 0
0 444 664 399 89 733 0
0 500 551 38 4 635 0
0 584 691 0
0 891 222 693 100 611 0
0 417 216 590 0
0 433 324 358 763 0
0 625 648 571 0
0 142 561 150 480 0
0 223 249 573 0
0 511 520 859 197 612 93 0
0 659 686 481 0
0 681 709 465 0
0 106 499 562 582 0
0 116 177 95 725 0
0 881 289 214 0
0 31 766 182 0
0 41 138 299 0
0 397 634 440 705 0
0 2 323 895 702 0
0 71 154 904 380 0
0 438 394 770 0
0 639 66 371 159 0
0 92 653 658 0
0 799 620 259 149 0
0 251 503 697 37 0
0 344 226 331 473 0
0 461 607 267 421 826 0
0 542 241 668 719 396 0
0 643 431 0
0 720 521 0
0 730 817 566 0
0 735 309 296 0
0 739 304 568 0
0 749 392 901 0
0 754 11 626 0
0 87 688 675 825 0
0 627 136 704 0
0 870 350 257 24 0
0 366 552 345 240 0
0 387 656 102 0
0 553 229 470 395 803 871 0
0 578 892 34 0
0 662 376 420 0
0 699 130 196 815 575 0
0 873 441 25 863 0
0 906 246 830 174 0
0 146 64 644 0
0 204 667 548 0
0 211 768 593 0
0 565 50 290 708 0
0 276 184 515 86 0
0 277 43 525 812 368 0
0 407 351 842 805 0
0 524 755 0
0 453 809 528 821 0
0 550 836 516 0
0 559 152 665 747 0
0 577 592 53 0
0 645 115 872 248 0
0 807 597 475 726 273 0
0 140 572 308 0
0 294 166 596 0
0 332 865 187 0
0 363 674 217 0
0 586 619 97 0
0 862 29 389 0
0 884 167 0
0 23 56 0
0 209 672 501 471 0
0 236 145 343 778 0
0 355 478 779 0
0 502 280 882 0
0 748 342 682 90 0
0 28 616 424 78 0
0 288 852 230 541 0
0 567 630 317 0
0 588 832 731 728 0
0 679 513 700 297 0
0 774 857 769 736 0
0 780 877 795 60 0
0 793 535 0
0 900 364 546 0
0 6 717 834 0
0 73 22 272 0
0 615 118 199 0
0 247 457 228 0
0 382 899 287 650 0
0 300 307 811 0
0 446 260 188 0
0 506 752 127 0
0 860 48 243 224 443 0
0 829 7 293 0
0 212 893 497 0
0 383 133 0
0 874 489 385 189 0
0 61 587 232 0
0 569 62 318 0
0 179 813 532 139 258 0
0 716 375 336 96 0
0 393 889 362 0
0 379 404 207 165 0
0 454 46 0
0 428 618 614 0
0 744 746 494 0
0 838 781 320 0
0 235 292 854 14 0
0 448 274 784 0
0 666 213 798 476 0
0 462 785 298 0
0 875 638 510 0
0 67 5 600 0
0 190 39 0
0 334 529 464 0
0 410 760 333 30 0
0 447 201 422 885 0
0 580 233 706 0
0 621 123 103 0
0 632 313 40 0
0 642 158 132 0
0 886 353 0
0 79 327 806 0
0 104 168 171 0
0 256 876 373 0
0 361 539 819 0
0 400 485 141 0
0 660 18 427 0
0 823 326 285 0
0 905 777 0
0 15 58 536 0
0 191 544 32 0
0 262 128 530 0
0 269 762 661 0
0 328 727 0
0 636 483 846 0
0 687 295 0
0 205 604 47 0
0 903 482 808 0
0 698 631 845 0
0 840 673 0
0 855 178 0
0 135 841 492 0
0 557 173 369 0
0 192 837 0
0 270 402 411 564 0
0 377 741 109 508 0
0 474 458 833 0
0 490 547 663 0
0 514 479 498 147 0
0 606 843 451 0
0 641 220 0
0 707 13 0
0 54 729 816 0
0 445 491 0
0 579 714 509 0
0 802 231 0
0 824 155 0
0 828 609 701 0
0 839 888 170 646 0
0 847 878 0
0 848 804 12 0
0 206 790 119 0
0 301 554 286 0
0 325 455 137 398 0
0 792 27 694 0
0 117 484 391 0
0 405 713 94 0
0 466 131 678 0
0 869 195 692 0
0 879 651 210 0
0 111 359 0
0 99 181 160 0
0 724 435 0
0 74 306 789 505 0
0 44 82 244 0
0 107 347 162 0
0 533 556 0
0 718 695 761 0
0 302 255 151 0
0 742 91 0
0 110 757 0
0 264 576 0
0 439 820 268 0
0 493 794 880 0
0 640 80 275 0
0 671 68 0
0 721 203 0
0 495 628 0
0 85 202 783 0
0 254 378 0
0 370 200 0
0 76 311 0
0 77 33 0
0 175 459 0
0 218 388 237 0
0 469 657 0
0 560 570 0
0 352 423 0
0 414 75 0
0 418 683 0
0 776 750 0
0 172 303 0
0 526 655 0
0 745 759 0
0 121 883 0
0 88 0
0 279 0
