0 257 13 784 0
0 616 315 744 0
0 711 335 387 0
0 528 24 145 0
0 208 117 119 228 554 0
0 503 251 697 0
0 693 211 768 0
0 803 115 393 0
0 598 266 835 0
0 563 659 0
0 78 493 609 0
0 435 86 630 0
0 481 264 576 0
0 786 3 771 0
0 426 740 0
0 19 185 730 0
0 433 57 205 510 0
0 783 272 795 0
0 312 254 378 0
0 93 54 729 0
0 105 372 0
0 124 46 621 0
0 171 400 0
0 126 562 703 0
0 748 377 741 0
0 860 515 567 0
0 879 103 651 0
0 827 51 386 406 0
0 342 15 682 0
0 166 446 596 0
0 857 295 837 0
0 423 165 244 0
0 813 298 439 820 0
0 808 482 903 0
0 557 174 255 302 0
0 681 709 0
0 664 642 667 0
0 633 43 478 812 0
0 468 252 415 0
0 856 319 756 0
0 344 331 536 606 0
0 414 33 198 0
0 648 613 654 699 0
0 644 457 781 0
0 581 20 225 0
0 663 547 847 0
0 788 460 496 0
0 785 882 0
0 859 197 442 0
0 666 213 798 0
0 636 877 0
0 59 42 55 0
0 775 6 71 0
0 590 466 544 0
0 519 37 207 256 0
0 789 200 880 0
0 221 21 691 0
0 669 121 388 0
0 844 232 491 0
0 397 16 52 0
0 617 31 35 0
0 489 136 874 0
0 822 114 450 0
0 792 162 694 0
0 441 61 637 0
0 300 130 196 0
0 739 146 176 0
0 314 758 0
0 392 350 577 0
0 626 32 556 646 0
0 140 836 0
0 467 610 0
0 832 56 731 0
0 487 800 0
0 8 480 873 0
0 906 440 634 0
0 92 322 704 0
0 125 715 0
0 551 289 864 0
0 328 727 0
0 488 106 499 639 0
0 527 801 0
0 133 262 0
0 380 167 774 0
0 763 199 483 728 828 0
0 424 274 825 0
0 369 137 695 0
0 647 53 123 270 0
0 582 79 876 0
0 99 12 69 0
0 520 219 511 0
0 661 286 320 0
0 705 191 802 0
0 818 281 436 452 0
0 484 299 411 560 0
0 791 253 754 0
0 561 301 777 0
0 593 100 473 0
0 898 161 361 886 0
0 475 307 490 0
0 530 110 143 0
0 535 793 0
0 897 23 152 665 0
0 155 455 0
0 132 44 293 0
0 398 242 718 0
0 371 66 662 0
0 628 102 495 0
0 186 507 0
0 269 230 762 0
0 872 297 698 889 0
0 340 330 710 0
0 381 523 0
0 619 29 389 0
0 283 28 688 0
0 546 364 650 0
0 278 22 187 0
0 508 172 303 0
0 587 34 905 0
0 543 348 722 782 0
0 548 195 494 717 0
0 194 417 894 0
0 229 209 672 0
0 237 88 701 0
0 668 363 645 0
0 673 840 0
0 895 259 620 0
0 163 118 615 0
0 742 131 778 0
0 437 83 518 0
0 134 76 311 0
0 355 584 0
0 631 181 189 0
0 148 401 449 558 0
0 708 95 177 0
0 310 27 107 0
0 737 321 456 0
0 540 365 550 686 0
0 799 323 643 0
0 676 7 829 0
0 692 85 202 0
0 352 258 357 655 0
0 764 153 849 0
0 861 486 853 0
0 404 135 841 0
0 374 227 870 0
0 502 215 597 0
0 447 325 604 0
0 594 603 622 0
0 794 77 391 0
0 796 831 0
0 129 395 405 600 0
0 888 533 833 0
0 271 41 810 0
0 896 500 549 0
0 797 425 696 0
0 236 809 0
0 72 180 858 0
0 412 4 579 714 845 0
0 241 67 190 0
0 120 247 838 0
0 680 84 413 0
0 261 545 0
0 151 75 657 0
0 87 62 390 0
0 382 296 445 568 0
0 410 333 760 0
0 629 90 226 353 0
0 815 40 878 0
0 541 206 790 0
0 396 82 427 776 0
0 235 214 498 514 0
0 770 394 565 0
0 658 660 834 0
0 144 38 881 0
0 101 516 638 875 0
0 807 726 855 0
0 719 362 679 0
0 463 409 890 0
0 524 755 0
0 451 109 443 464 0
0 419 91 218 806 0
0 108 354 569 746 0
0 702 192 583 0
0 574 368 402 707 0
0 432 601 850 0
0 160 671 721 0
0 337 164 250 339 444 0
0 324 358 438 0
0 332 308 865 0
0 538 141 268 469 0
0 317 48 243 0
0 846 47 74 306 564 0
0 203 68 147 0
0 159 379 899 0
0 10 625 866 0
0 817 566 656 0
0 534 403 670 0
0 599 73 572 0
0 887 149 383 501 0
0 745 58 759 0
0 733 2 89 0
0 327 474 492 0
0 472 605 0
0 685 193 749 0
0 867 356 416 506 752 0
0 907 329 407 826 0
0 142 578 892 0
0 505 263 370 0
0 611 284 285 819 823 0
0 780 212 290 0
0 9 531 0
0 458 30 623 0
0 735 309 504 0
0 700 313 632 0
0 816 201 761 0
0 465 239 821 0
0 471 5 39 0
0 11 559 0
0 26 589 0
0 183 65 282 675 0
0 537 260 448 0
0 640 80 421 0
0 512 336 375 716 0
0 885 422 824 0
0 765 116 216 0
0 113 36 521 0
0 479 220 811 0
0 63 50 231 839 0
0 429 98 602 0
0 288 240 852 0
0 17 720 725 0
0 245 222 738 0
0 376 246 420 0
0 900 267 842 0
0 769 418 683 0
0 104 14 351 0
0 713 94 156 0
0 280 178 641 0
0 773 169 542 635 0
0 608 522 772 0
0 277 434 0
0 122 580 687 0
0 767 49 517 539 724 0
0 532 139 529 843 0
0 45 689 0
0 690 316 677 0
0 871 431 553 0
0 461 346 753 0
0 652 305 868 0
0 234 60 175 459 0
0 766 182 249 0
0 224 173 326 0
0 233 128 470 706 0
0 179 334 0
0 430 734 0
0 525 1 18 869 0
0 265 477 591 0
0 684 157 555 595 0
0 627 653 0
0 408 111 359 0
0 743 154 204 904 0
0 893 497 747 0
0 814 428 618 0
0 291 287 588 0
0 723 292 854 0
0 614 168 485 0
0 341 64 97 586 0
0 81 0
0 223 573 0
0 757 318 575 0
0 787 360 751 0
0 712 273 462 0
0 592 294 901 0
0 732 275 526 0
0 158 804 848 0
0 70 384 399 0
0 571 347 678 0
0 779 509 750 0
0 585 0
0 570 112 210 0
0 863 25 373 830 0
0 624 138 366 453 0
0 607 338 805 0
0 385 127 343 0
0 649 188 454 0
0 736 884 0
0 851 367 891 0
0 902 150 304 0
0 612 184 276 0
0 674 217 513 0
0 476 96 170 0
0 248 279 883 0
0 552 345 862 0
0 238 349 0
