0 32 67 46 0
0 37 77 18 1 107 69 29 0
0 6 51 59 12 117 0
0 16 27 7 75 126 41 0
0 61 80 65 0
0 118 28 49 123 0
0 36 68 39 101 106 55 79 58 0
0 78 127 44 100 114 0
0 89 99 30 66 0
0 3 116 129 81 93 0
0 8 112 88 0
0 5 104 33 0
0 4 128 13 22 0
0 71 56 94 60 0
0 108 105 63 96 0
0 52 109 84 64 0
0 124 102 45 92 0
0 53 120 2 74 0
0 9 83 0
0 14 73 15 43 0
0 21 23 86 0
0 47 35 0
0 48 82 90 0
0 42 10 0
0 70 72 0
0 113 62 103 0
0 115 95 50 0
0 25 54 31 0
0 97 85 34 0
0 110 91 87 0
0 98 17 76 125 0
0 121 38 0
0 20 19 122 0
0 11 40 26 0
0 57 111 119 0
0 24 0
