0 81 261 540 608 120 512 0
0 148 337 340 818 281 164 633 0
0 531 9 690 867 0
0 545 680 221 129 169 412 864 0
0 101 652 472 788 767 599 629 161 0
0 585 72 684 851 0
0 84 413 316 463 0
0 605 437 83 0
0 710 180 858 10 835 122 1 0
0 314 518 51 59 49 0
0 432 737 381 534 856 685 124 0
0 330 522 773 215 0
0 436 449 452 775 108 0
0 758 496 827 898 284 310 0
0 764 543 468 63 415 365 0
0 125 677 787 477 504 0
0 305 105 617 386 442 234 0
0 372 800 602 419 0
0 401 558 603 743 143 69 0
0 523 321 711 814 0
0 896 527 595 753 712 0
0 456 715 3 19 374 356 647 0
0 238 430 8 425 450 624 637 0
0 734 45 844 519 623 0
0 507 186 897 0
0 598 831 144 654 357 0
0 772 796 613 0
0 801 487 538 0
0 622 250 339 583 112 0
0 319 601 283 537 156 0
0 349 360 810 0
0 594 887 403 0
0 670 756 183 354 732 0
0 751 265 335 676 574 0
0 771 409 341 176 669 0
0 786 890 282 315 242 0
0 866 70 384 312 0
0 252 868 488 0
0 460 55 0
0 610 467 208 0
0 689 696 198 0
0 194 894 765 163 113 782 0
0 266 549 907 346 0
0 98 367 738 338 0
0 429 42 134 0
0 581 20 225 57 0
0 797 740 114 52 239 0
0 21 434 390 0
0 193 185 227 0
0 426 822 902 0
0 348 126 703 291 0
0 563 35 278 408 0
0 591 271 416 0
0 722 17 791 253 36 0
0 850 589 649 0
0 861 486 853 0
0 26 65 322 0
0 153 849 16 263 0
0 157 555 329 245 723 0
0 406 219 517 0
0 444 664 399 89 733 0
0 500 551 38 635 4 0
0 584 691 0
0 891 222 693 100 611 0
0 417 216 590 0
0 433 324 358 763 0
0 625 648 571 0
0 142 480 150 561 0
0 223 573 249 0
0 511 520 859 197 612 93 0
0 659 686 481 0
0 681 709 465 0
0 106 499 562 582 0
0 116 725 95 177 0
0 881 289 214 0
0 31 766 182 0
0 41 138 299 0
0 397 634 440 705 0
0 2 323 895 702 0
0 71 154 904 380 0
0 438 770 394 0
0 639 66 371 159 0
0 653 92 658 0
0 799 620 259 149 0
0 251 503 697 37 0
0 344 473 331 226 0
0 461 826 607 267 421 0
0 542 241 668 719 396 0
0 643 431 0
0 720 521 0
0 730 817 566 0
0 735 309 296 0
0 739 304 568 0
0 749 392 901 0
0 754 11 626 0
0 87 688 675 825 0
0 627 704 136 0
0 870 350 24 257 0
0 366 552 345 240 0
0 387 656 102 0
0 553 229 871 803 395 470 0
0 578 892 34 0
0 662 376 420 0
0 699 130 196 815 575 0
0 873 863 25 441 0
0 906 246 830 174 0
0 146 64 644 0
0 204 548 667 0
0 211 768 593 0
0 565 708 290 50 0
0 276 184 515 86 0
0 277 43 525 812 368 0
0 407 805 842 351 0
0 524 755 0
0 453 809 528 821 0
0 550 836 516 0
0 559 152 665 747 0
0 577 592 53 0
0 645 115 872 248 0
0 807 597 475 726 273 0
0 140 572 308 0
0 166 294 596 0
0 332 865 187 0
0 363 674 217 0
0 586 97 619 0
0 862 29 389 0
0 884 167 0
0 23 56 0
0 209 672 501 471 0
0 236 145 343 778 0
0 355 478 779 0
0 502 882 280 0
0 748 342 90 682 0
0 28 616 424 78 0
0 288 852 230 541 0
0 567 317 630 0
0 588 832 731 728 0
0 679 513 700 297 0
0 774 736 857 769 0
0 780 877 60 795 0
0 793 535 0
0 900 546 364 0
0 6 834 717 0
0 22 73 272 0
0 118 615 199 0
0 247 457 228 0
0 287 899 382 650 0
0 300 307 811 0
0 446 188 260 0
0 506 752 127 0
0 860 48 243 224 443 0
0 7 829 293 0
0 212 893 497 0
0 383 133 0
0 874 489 385 189 0
0 61 587 232 0
0 62 569 318 0
0 179 813 139 532 258 0
0 336 375 716 96 0
0 362 393 889 0
0 379 404 207 165 0
0 454 46 0
0 618 428 614 0
0 744 746 494 0
0 838 781 320 0
0 235 292 854 14 0
0 448 274 784 0
0 666 213 798 476 0
0 785 462 298 0
0 875 638 510 0
0 67 5 600 0
0 190 39 0
0 334 529 464 0
0 410 760 333 30 0
0 447 885 422 201 0
0 580 233 706 0
0 621 123 103 0
0 632 313 40 0
0 642 158 132 0
0 886 353 0
0 79 327 806 0
0 104 171 168 0
0 256 876 373 0
0 361 539 819 0
0 400 485 141 0
0 660 18 427 0
0 823 285 326 0
0 905 777 0
0 15 536 58 0
0 191 32 544 0
0 262 128 530 0
0 269 762 661 0
0 328 727 0
0 483 636 846 0
0 687 295 0
0 205 604 47 0
0 482 903 808 0
0 698 631 845 0
0 840 673 0
0 855 178 0
0 135 841 492 0
0 173 557 369 0
0 192 837 0
0 270 402 411 564 0
0 377 741 109 508 0
0 474 458 833 0
0 490 663 547 0
0 498 479 514 147 0
0 606 843 451 0
0 641 220 0
0 707 13 0
0 54 729 816 0
0 445 491 0
0 579 714 509 0
0 802 231 0
0 824 155 0
0 828 609 701 0
0 839 888 646 170 0
0 847 878 0
0 848 804 12 0
0 206 790 119 0
0 301 286 554 0
0 325 455 137 398 0
0 792 27 694 0
0 117 484 391 0
0 405 713 94 0
0 466 131 678 0
0 869 195 692 0
0 879 651 210 0
0 111 359 0
0 181 99 160 0
0 724 435 0
0 74 306 505 789 0
0 82 44 244 0
0 107 162 347 0
0 533 556 0
0 695 718 761 0
0 302 255 151 0
0 742 91 0
0 110 757 0
0 264 576 0
0 439 820 268 0
0 493 794 880 0
0 640 80 275 0
0 671 68 0
0 721 203 0
0 495 628 0
0 85 202 783 0
0 254 378 0
0 370 200 0
0 76 311 0
0 77 33 0
0 175 459 0
0 218 388 237 0
0 469 657 0
0 560 570 0
0 352 423 0
0 414 75 0
0 418 683 0
0 776 750 0
0 172 303 0
0 526 655 0
0 745 759 0
0 121 883 0
0 88 0
0 279 0
