0 178 68 107 9 152 368 59 0
0 260 38 291 280 0
0 364 130 258 308 100 84 104 73 0
0 122 140 108 305 134 306 0
0 131 320 20 319 355 23 307 232 74 230 0
0 209 207 363 367 70 0
0 204 344 297 80 1 0
0 250 95 386 81 168 0
0 185 77 158 99 163 0
0 229 41 133 212 153 0
0 16 103 174 203 0
0 40 340 0
0 183 333 157 254 0
0 362 264 282 169 112 0
0 65 31 159 0
0 198 82 167 288 0
0 243 137 374 314 0
0 206 97 30 0
0 296 252 193 0
0 326 123 118 325 0
0 190 234 388 0
0 266 105 330 235 0
0 132 248 372 392 58 0
0 61 18 156 356 0
0 285 78 354 27 25 0
0 222 215 357 390 0
0 259 117 195 0
0 395 15 144 55 0
0 142 154 161 120 0
0 187 336 249 116 0
0 272 24 2 223 312 0
0 383 360 127 0
0 67 109 182 96 0
0 373 359 10 370 0
0 114 8 353 0
0 194 85 389 237 221 0
0 244 277 21 150 251 0
0 47 196 171 57 0
0 175 14 3 271 138 0
0 286 261 302 128 0
0 218 345 331 0
0 29 66 13 0
0 115 119 265 317 0
0 378 4 327 0
0 240 371 7 334 0
0 284 129 0
0 300 98 101 0
0 352 87 381 269 0
0 165 86 202 126 0
0 166 51 274 394 0
0 268 34 151 224 0
0 283 214 0
0 293 279 242 0
0 106 110 191 0
0 201 321 309 0
0 387 384 239 0
0 348 267 45 0
0 220 245 42 375 0
0 338 376 310 52 0
0 380 311 146 160 0
0 62 351 294 299 145 0
0 83 60 316 0
0 93 199 289 349 184 0
0 262 113 216 0
0 227 37 0
0 164 313 188 50 69 0
0 219 186 257 0
0 350 149 0
0 64 136 124 0
0 298 301 147 17 0
0 5 335 0
0 189 94 275 0
0 33 143 36 26 0
0 322 231 225 337 0
0 228 318 19 11 0
0 366 89 0
0 43 324 54 241 0
0 32 205 361 0
0 44 358 102 0
0 233 22 88 236 0
0 276 200 192 0
0 208 63 365 0
0 46 76 238 0
0 176 49 0
0 295 346 0
0 379 255 79 0
0 226 246 393 0
0 256 181 343 6 0
0 28 39 347 172 0
0 278 197 162 0
0 155 90 0
0 91 323 0
0 382 111 0
0 247 75 72 0
0 180 304 292 0
0 329 290 0
0 56 141 125 0
0 139 213 170 0
0 211 35 0
0 281 332 92 0
0 179 253 121 0
0 210 263 177 385 0
0 48 270 217 0
0 173 12 0
0 303 71 342 0
0 148 377 0
0 341 273 0
0 391 315 0
0 53 328 0
0 369 339 0
0 135 287 0
